<?xml version="1.0" encoding="UTF-8"?>
<!-- Generated by org.testng.reporters.JUnitXMLReporter -->
<testsuite ignored="0" hostname="DESKTOP-J4GD52D" failures="0" tests="3" name="Default test" time="11.854" errors="0" timestamp="2025-05-02T13:19:19 GMT+03:00">
  <testcase classname="smallTest" name="testLoginwithnonvalid" time="0.98"/>
  <testcase classname="smallTest" name="testLogin" time="0.999"/>
  <testcase classname="smallTest" name="practice" time="6.733"/>
</testsuite> <!-- Default test -->
