<?xml version="1.0" encoding="UTF-8"?>
<testng-results ignored="0" total="3" passed="3" failed="0" skipped="0">
  <reporter-output>
  </reporter-output>
  <suite started-at="2025-05-02T13:19:07 GMT+03:00" name="Default suite" finished-at="2025-05-02T13:19:19 GMT+03:00" duration-ms="11854">
    <groups>
    </groups>
    <test started-at="2025-05-02T13:19:07 GMT+03:00" name="Default test" finished-at="2025-05-02T13:19:19 GMT+03:00" duration-ms="11854">
      <class name="smallTest">
        <test-method is-config="true" signature="befor()[pri:0, instance:smallTest@47a5b70d]" started-at="2025-05-02T13:19:07 GMT+03:00" name="befor" finished-at="2025-05-02T13:19:10 GMT+03:00" duration-ms="2794" status="PASS">
          <reporter-output>
          </reporter-output>
        </test-method> <!-- befor -->
        <test-method signature="testLoginwithnonvalid()[pri:1, instance:smallTest@47a5b70d]" started-at="2025-05-02T13:19:10 GMT+03:00" name="testLoginwithnonvalid" finished-at="2025-05-02T13:19:11 GMT+03:00" duration-ms="980" status="PASS">
          <reporter-output>
          </reporter-output>
        </test-method> <!-- testLoginwithnonvalid -->
        <test-method signature="testLogin()[pri:2, instance:smallTest@47a5b70d]" started-at="2025-05-02T13:19:11 GMT+03:00" name="testLogin" finished-at="2025-05-02T13:19:12 GMT+03:00" duration-ms="999" status="PASS">
          <reporter-output>
          </reporter-output>
        </test-method> <!-- testLogin -->
        <test-method signature="practice()[pri:3, instance:smallTest@47a5b70d]" started-at="2025-05-02T13:19:12 GMT+03:00" name="practice" finished-at="2025-05-02T13:19:19 GMT+03:00" duration-ms="6733" status="PASS">
          <reporter-output>
          </reporter-output>
        </test-method> <!-- practice -->
        <test-method is-config="true" signature="after()[pri:0, instance:smallTest@47a5b70d]" started-at="2025-05-02T13:19:19 GMT+03:00" name="after" finished-at="2025-05-02T13:19:19 GMT+03:00" duration-ms="284" status="PASS">
          <reporter-output>
          </reporter-output>
        </test-method> <!-- after -->
      </class> <!-- smallTest -->
    </test> <!-- Default test -->
  </suite> <!-- Default suite -->
</testng-results>
